Arguments: 
  C:\Program Files\nodejs\node.exe C:\Program Files (x86)\Yarn\bin\yarn.js add vitest@latest --dev

PATH: 
  C:\Users\Windows\bin;C:\Program Files\Git\usr\local\bin;C:\Program Files\Git\usr\bin;C:\Program Files\Git\usr\bin;C:\Program Files\Git\opt\bin;C:\Program Files\Python310\Scripts;C:\Program Files\Python310;C:\Program Files (x86)\Common Files\Oracle\Java\javapath;C:\Program Files (x86)\NVIDIA Corporation\PhysX\Common;C:\WINDOWS\system32;C:\WINDOWS;C:\WINDOWS\System32\Wbem;C:\WINDOWS\System32\WindowsPowerShell\v1.0;C:\WINDOWS\System32\OpenSSH;C:\ProgramData\chocolatey\bin;C:\Program Files\PuTTY;C:\Program Files\Git\cmd;C:\Program Files (x86)\Yarn\bin;C:\Program Files\Docker\Docker\resources\bin;C:\Users\Windows\AppData\Local\Programs\Python\Python311\Scripts;C:\Program Files\nodejs;C:\Users\Windows\AppData\Local\Microsoft\WindowsApps;C:\Users\Windows\AppData\Local\Programs\Microsoft VS Code\bin;C:\Users\Windows\AppData\Local\GitHubDesktop\bin;C:\Users\Windows\AppData\Local\Yarn\bin;C:\Program Files (x86)\Sophos\Sophos SSL VPN Client\bin;C:\Users\Windows\AppData\Roaming\npm;C:\Program Files\Git\usr\bin\vendor_perl;C:\Program Files\Git\usr\bin\core_perl

Yarn version: 
  1.22.5

Node version: 
  18.16.0

Platform: 
  win32 x64

Trace: 
  Error: EPERM: operation not permitted, unlink 'C:\Users\Windows\Desktop\Laís\Faculdade\DCC202\ufjf-dcc202-2023-3-b-atv10-laissantostz\node_modules\@esbuild\.win32-x64-GHxmOJfY\esbuild.exe'

npm manifest: 
  {
    "name": "ufjf-dcc202-2023-3-atv10-template",
    "version": "1.0.0",
    "description": "",
    "main": "index.html",
    "scripts": {
      "e2e": "npx playwright test",
      "test": "vitest"
    },
    "keywords": [],
    "author": "",
    "license": "ISC",
    "devDependencies": {
      "@playwright/test": "^1.38.0",
      "@types/node": "^20.6.2",
      "vitest": "^0.34.6"
    }
  }

yarn manifest: 
  No manifest

Lockfile: 
  No lockfile
